<?xml version="1.0" encoding="UTF-8"?>
<!-- Generated by org.testng.reporters.JUnitReportReporter -->
<testsuite hostname="IN-JV8Z9K3" failures="0" tests="1" name="testCases.RequestForNegative" time="2.829" errors="0" timestamp="2023-07-24T16:45:15 IST" skipped="0">
  <testcase classname="testCases.RequestForNegative" name="createBooking" time="2.829"/>
  <system-out/>
</testsuite> <!-- testCases.RequestForNegative -->
